<?xml version="1.0" encoding="UTF-8"?>
<!-- Generated by org.testng.reporters.JUnitReportReporter -->
<testsuite hostname="Atuls-MacBook-Air.local" failures="0" tests="3" name="qa.bridgelabz.test.TestReport" time="0.012" errors="0" timestamp="2023-03-21T01:14:58 IST" skipped="0">
  <testcase classname="qa.bridgelabz.test.TestReport" name="testPassed" time="0.002"/>
  <system-out/>
  <testcase classname="qa.bridgelabz.test.TestReport" name="testFailed" time="0.001"/>
  <system-out/>
  <testcase classname="qa.bridgelabz.test.TestReport" name="testDepend" time="0.009"/>
  <system-out/>
</testsuite> <!-- qa.bridgelabz.test.TestReport -->
